<?xml version="1.0" encoding="UTF-8"?>
<testsuite name="com.metao.http.HttpClientBuilderTest" tests="4" skipped="0" failures="0" errors="0" timestamp="2021-08-29T11:24:09" hostname="MacBook-Pro.local" time="1.355">
  <properties/>
  <testcase name="authorization()" classname="com.metao.http.HttpClientBuilderTest" time="0.013"/>
  <testcase name="onlyGet()" classname="com.metao.http.HttpClientBuilderTest" time="0.658"/>
  <testcase name="getJsonObject()" classname="com.metao.http.HttpClientBuilderTest" time="0.369"/>
  <testcase name="getWithParam()" classname="com.metao.http.HttpClientBuilderTest" time="0.314"/>
  <system-out><![CDATA[]]></system-out>
  <system-err><![CDATA[[Test worker] INFO com.metao.http.HttpClientBuilderTest - {"url":"https:\/\/twitter.com\/x66619164331\/status\/1424535306225831944","author_name":"DiGiSecure Agent","author_url":"https:\/\/twitter.com\/x66619164331","html":"<blockquote class="twitter-tweet"><p lang="en" dir="ltr"><a href="https:\/\/twitter.com\/RealTryHackMe?ref_src=twsrc%5Etfw">@RealTryHackMe<\/a><br> is very cool and informative.<br>During a month,I could solve a lot of rooms and got CTF badges and rank %1.Not bad. It is really challenging and entertaining for those who are into security business and those who want to avoid security holes.<a href="https:\/\/t.co\/jGrSD6gSwJ">https:\/\/t.co\/jGrSD6gSwJ<\/a> <a href="https:\/\/t.co\/zVdZFdGppr">pic.twitter.com\/zVdZFdGppr<\/a><\/p>&mdash; DiGiSecure Agent (@x66619164331) <a href="https:\/\/twitter.com\/x66619164331\/status\/1424535306225831944?ref_src=twsrc%5Etfw">August 9, 2021<\/a><\/blockquote>
<script async src="https:\/\/platform.twitter.com\/widgets.js" charset="utf-8"><\/script>
","width":550,"height":null,"type":"rich","cache_age":"3153600000","provider_name":"Twitter","provider_url":"https:\/\/twitter.com","version":"1.0"}
[Test worker] INFO com.metao.http.HttpClientBuilderTest - {"url":"https:\/\/twitter.com\/x66619164331\/status\/1424535306225831944","author_name":"DiGiSecure Agent","author_url":"https:\/\/twitter.com\/x66619164331","html":"\u003Cblockquote class=\"twitter-tweet\"\u003E\u003Cp lang=\"en\" dir=\"ltr\"\u003E\u003Ca href=\"https:\/\/twitter.com\/RealTryHackMe?ref_src=twsrc%5Etfw\"\u003E@RealTryHackMe\u003C\/a\u003E\u003Cbr\u003E is very cool and informative.\u003Cbr\u003EDuring a month,I could solve a lot of rooms and got CTF badges and rank %1.Not bad. It is really challenging and entertaining for those who are into security business and those who want to avoid security holes.\u003Ca href=\"https:\/\/t.co\/jGrSD6gSwJ\"\u003Ehttps:\/\/t.co\/jGrSD6gSwJ\u003C\/a\u003E \u003Ca href=\"https:\/\/t.co\/zVdZFdGppr\"\u003Epic.twitter.com\/zVdZFdGppr\u003C\/a\u003E\u003C\/p\u003E&mdash; DiGiSecure Agent (@x66619164331) \u003Ca href=\"https:\/\/twitter.com\/x66619164331\/status\/1424535306225831944?ref_src=twsrc%5Etfw\"\u003EAugust 9, 2021\u003C\/a\u003E\u003C\/blockquote\u003E\n\u003Cscript async src=\"https:\/\/platform.twitter.com\/widgets.js\" charset=\"utf-8\"\u003E\u003C\/script\u003E\n","width":550,"height":null,"type":"rich","cache_age":"3153600000","provider_name":"Twitter","provider_url":"https:\/\/twitter.com","version":"1.0"}

]]></system-err>
</testsuite>
